{
  "RSpec": {
    "coverage": {
      "/Users/mekari/Belajar/elxgo-ruby-advance/day-2/spec/message_operation_spec.rb": {
        "lines": [
          1,
          null,
          1,
          1,
          1,
          1,
          1,
          null,
          null,
          1,
          1,
          1,
          1,
          null,
          null,
          null,
          1,
          1,
          null,
          null,
          1,
          1,
          1,
          1,
          null,
          null,
          1,
          1,
          1,
          1,
          null,
          null,
          null
        ]
      },
      "/Users/mekari/Belajar/elxgo-ruby-advance/day-2/models/message_operation.rb": {
        "lines": [
          1,
          null,
          1,
          null,
          null,
          1,
          2,
          null,
          null,
          1,
          1,
          1,
          0,
          null,
          1,
          null,
          null,
          null,
          1,
          1,
          1,
          1,
          null,
          null,
          null
        ]
      },
      "/Users/mekari/Belajar/elxgo-ruby-advance/day-2/models/email_utility.rb": {
        "lines": [
          1,
          null,
          1,
          null,
          1,
          1,
          1,
          1,
          null,
          null,
          1,
          null,
          null,
          null,
          1,
          null,
          null,
          null
        ]
      }
    },
    "timestamp": 1612822204
  }
}
