{
  "RSpec": {
    "coverage": {
      "/Users/mekari/Belajar/elxgo-ruby-advance/day-1/models/example1.rb": {
        "lines": [
          1,
          1,
          null,
          1,
          6,
          6,
          12,
          0,
          12,
          5,
          null,
          7,
          null,
          null,
          6,
          null,
          null,
          1,
          null,
          1,
          7,
          7,
          3,
          3,
          null,
          4,
          null,
          null,
          null,
          1,
          5,
          5,
          2,
          2,
          null,
          3,
          null,
          null,
          null
        ]
      },
      "/Users/mekari/Belajar/elxgo-ruby-advance/day-1/spec/exercise_spec.rb": {
        "lines": [
          null,
          1,
          1,
          null,
          1,
          null,
          null,
          null,
          null,
          null,
          null,
          1,
          1,
          1,
          1,
          1,
          null,
          1,
          null,
          null,
          1,
          1,
          1,
          null,
          1,
          null,
          null,
          1,
          1,
          1,
          null,
          1,
          null,
          null,
          1,
          1,
          1,
          null,
          1,
          null,
          null,
          null
        ]
      },
      "/Users/mekari/Belajar/elxgo-ruby-advance/day-1/models/exercise.rb": {
        "lines": [
          1,
          1,
          4,
          1,
          null,
          3,
          3,
          3,
          6,
          6,
          null,
          3,
          null,
          null,
          null,
          1,
          null,
          1,
          3,
          null,
          3,
          7,
          7,
          null,
          3,
          null,
          null
        ]
      }
    },
    "timestamp": 1612684857
  }
}
